Drill report for Polarimeter.kicad_pcb
Created on 2026-05-05T14:16:43-0500

Copper Layer Stackup:
    =============================================================
    L1 :  F.Cu                      front
    L2 :  In1.Cu                    in1
    L3 :  In2.Cu                    in2
    L4 :  B.Cu                      back


Drill file 'Polarimeter-PTH.drl' contains
    plated through holes:
    =============================================================
    T1  0.200mm  0.0079"  (47 holes)
    T2  0.200mm  0.0079"  (2 holes)
    T3  0.254mm  0.0100"  (12 holes)
    T4  0.300mm  0.0118"  (7 holes)
    T5  0.400mm  0.0157"  (10 holes)
    T6  0.700mm  0.0276"  (6 holes)
    T7  0.800mm  0.0315"  (48 holes)
    T8  1.092mm  0.0430"  (3 holes)
    T9  1.100mm  0.0433"  (2 holes)  (with 2 slots)

    Total plated holes count 137


Drill file 'Polarimeter-NPTH.drl' contains
    unplated through holes:
    =============================================================

    Total unplated holes count 0
